Running Gradle task 'assembleDebug'...                          
lib/features/admin/presentation/pages/admin_dashboard_page.dart:4:8: Error: Error when reading 'lib/features/admin/ride/domain/entities/ride_entity.dart': No such file or directory
import '../../ride/domain/entities/ride_entity.dart'; // Reusing RideEntity
       ^
lib/features/chat/presentation/pages/chat_page.dart:4:8: Error: Error when reading 'lib/auth/presentation/providers/auth_provider.dart': No such file or directory
import '../../../../auth/presentation/providers/auth_provider.dart';
       ^
lib/features/chat/presentation/pages/chat_page.dart:27:38: Error: 'AuthProvider' isn't a type.
    final authProvider = Provider.of<AuthProvider>(context, listen: false);
                                     ^^^^^^^^^^^^
lib/features/chat/presentation/pages/chat_page.dart:43:38: Error: 'AuthProvider' isn't a type.
    final authProvider = Provider.of<AuthProvider>(context);
                                     ^^^^^^^^^^^^
lib/core/theme/app_theme.dart:64:18: Error: The argument type 'CardTheme' can't be assigned to the parameter type 'CardThemeData?'.
 - 'CardTheme' is from 'package:flutter/src/material/card_theme.dart' ('../../../../snap/flutter/common/flutter/packages/flutter/lib/src/material/card_theme.dart').
 - 'CardThemeData' is from 'package:flutter/src/material/card_theme.dart' ('../../../../snap/flutter/common/flutter/packages/flutter/lib/src/material/card_theme.dart').
      cardTheme: CardTheme(
                 ^
Target kernel_snapshot_program failed: Exception


FAILURE: Build failed with an exception.

* What went wrong:
Execution failed for task ':app:compileFlutterBuildDebug'.
> Process 'command '/home/sajad-yoosuf/snap/flutter/common/flutter/bin/flutter'' finished with non-zero exit value 1

* Try:
> Run with --stacktrace option to get the stack trace.
> Run with --info or --debug option to get more log output.
> Run with --scan to get full insights.
> Get more help at https://help.gradle.org.

BUILD FAILED in 4s
Running Gradle task 'assembleDebug'...                              4.8s
Gradle task assembleDebug failed with exit code 1
